<?xml version="1.0" encoding="UTF-8"?>
<!-- Generated by org.testng.reporters.JUnitXMLReporter -->
<testsuite ignored="0" hostname="ThivakarDeivendran" failures="1" tests="6" name="Test" time="28.783" errors="0" timestamp="2024-03-10T22:01:48 IST">
  <testcase classname="allureReportPackage.TestClass" name="setUp" time="9.372"/>
  <testcase classname="allureReportPackage.TestClass" name="testMethod" time="6.517"/>
  <testcase classname="allureReportPackage.TestClass" name="alertMethod" time="3.315"/>
  <testcase classname="allureReportPackage.TestClass" name="radioCheckBoxMethod" time="8.238"/>
  <testcase classname="allureReportPackage.TestClass" name="dropdownMethod" time="0.245">
    <failure type="java.lang.AssertionError" message="The following asserts failed:
	expected [Samp Webpage for Selenium Automation Practice | ArtOfTesting] but found [Sample Webpage for Selenium Automation Practice | ArtOfTesting]">
      <![CDATA[java.lang.AssertionError: The following asserts failed:
expected [Samp Webpage for Selenium Automation Practice | ArtOfTesting] but found [Sample Webpage for Selenium Automation Practice | ArtOfTesting]
at allureReportPackage.TestClass.dropdownMethod(TestClass.java:112)
at java.base/java.util.ArrayList.forEach(ArrayList.java:1541)
... Removed 29 stack frames]]>
    </failure>
  </testcase> <!-- dropdownMethod -->
  <testcase classname="allureReportPackage.TestClass" name="skipMethod" time="0.013">
    <skipped/>
  </testcase> <!-- skipMethod -->
</testsuite> <!-- Test -->
