<?xml version="1.0" encoding="UTF-8"?>
<!-- Generated by org.testng.reporters.JUnitReportReporter -->
<testsuite hostname="ThivakarDeivendran" failures="1" tests="6" name="allureReportPackage.TestClass" time="27.700" errors="0" timestamp="2024-03-10T22:01:56 IST" skipped="1">
  <testcase classname="allureReportPackage.TestClass" name="setUp" time="9.372"/>
  <system-out/>
  <testcase classname="allureReportPackage.TestClass" name="testMethod" time="6.517"/>
  <system-out/>
  <testcase classname="allureReportPackage.TestClass" name="alertMethod" time="3.315"/>
  <system-out/>
  <testcase classname="allureReportPackage.TestClass" name="radioCheckBoxMethod" time="8.238"/>
  <system-out/>
  <testcase classname="allureReportPackage.TestClass" name="dropdownMethod" time="0.245">
    <failure message="The following asserts failed:
	expected [Samp Webpage for Selenium Automation Practice | ArtOfTesting] but found [Sample Webpage for Selenium Automation Practice | ArtOfTesting]" type="java.lang.AssertionError">
      <![CDATA[java.lang.AssertionError: The following asserts failed:
expected [Samp Webpage for Selenium Automation Practice | ArtOfTesting] but found [Sample Webpage for Selenium Automation Practice | ArtOfTesting]
at org.testng.asserts.SoftAssert.assertAll(SoftAssert.java:47)
at org.testng.asserts.SoftAssert.assertAll(SoftAssert.java:31)
at allureReportPackage.TestClass.dropdownMethod(TestClass.java:112)
at java.base/jdk.internal.reflect.NativeMethodAccessorImpl.invoke0(Native Method)
at java.base/jdk.internal.reflect.NativeMethodAccessorImpl.invoke(NativeMethodAccessorImpl.java:62)
at java.base/jdk.internal.reflect.DelegatingMethodAccessorImpl.invoke(DelegatingMethodAccessorImpl.java:43)
at java.base/java.lang.reflect.Method.invoke(Method.java:566)
at org.testng.internal.MethodInvocationHelper.invokeMethod(MethodInvocationHelper.java:133)
at org.testng.internal.TestInvoker.invokeMethod(TestInvoker.java:598)
at org.testng.internal.TestInvoker.invokeTestMethod(TestInvoker.java:173)
at org.testng.internal.MethodRunner.runInSequence(MethodRunner.java:46)
at org.testng.internal.TestInvoker$MethodInvocationAgent.invoke(TestInvoker.java:824)
at org.testng.internal.TestInvoker.invokeTestMethods(TestInvoker.java:146)
at org.testng.internal.TestMethodWorker.invokeTestMethods(TestMethodWorker.java:146)
at org.testng.internal.TestMethodWorker.run(TestMethodWorker.java:128)
at java.base/java.util.ArrayList.forEach(ArrayList.java:1541)
at org.testng.TestRunner.privateRun(TestRunner.java:794)
at org.testng.TestRunner.run(TestRunner.java:596)
at org.testng.SuiteRunner.runTest(SuiteRunner.java:377)
at org.testng.SuiteRunner.runSequentially(SuiteRunner.java:371)
at org.testng.SuiteRunner.privateRun(SuiteRunner.java:332)
at org.testng.SuiteRunner.run(SuiteRunner.java:276)
at org.testng.SuiteRunnerWorker.runSuite(SuiteRunnerWorker.java:53)
at org.testng.SuiteRunnerWorker.run(SuiteRunnerWorker.java:96)
at org.testng.TestNG.runSuitesSequentially(TestNG.java:1212)
at org.testng.TestNG.runSuitesLocally(TestNG.java:1134)
at org.testng.TestNG.runSuites(TestNG.java:1063)
at org.testng.TestNG.run(TestNG.java:1031)
at org.testng.remote.AbstractRemoteTestNG.run(AbstractRemoteTestNG.java:115)
at org.testng.remote.RemoteTestNG.initAndRun(RemoteTestNG.java:251)
at org.testng.remote.RemoteTestNG.main(RemoteTestNG.java:77)
]]>
    </failure>
  </testcase> <!-- dropdownMethod -->
  <system-out/>
  <testcase classname="allureReportPackage.TestClass" name="skipMethod" time="0.013">
    <skipped/>
  </testcase> <!-- skipMethod -->
  <system-out/>
</testsuite> <!-- allureReportPackage.TestClass -->
